Using pre-set license
Built from '2022.1/staging' branch; Version is '2022.1.20f1 (01d83b40d570) revision 120891'; Using compiler version '192829333'; Build Type 'Release'
OS: 'Windows 10  (10.0.19045) 64bit Core' Language: 'de' Physical Memory: 32720 MB
BatchMode: 1, IsHumanControllingUs: 0, StartBugReporterOnCrash: 0, Is64bit: 1, IsPro: 1

COMMAND LINE ARGUMENTS:
G:\Program Files\Unity\Hub\Editor\2022.1.20f1\Editor\Unity.exe
-adb2
-batchMode
-noUpm
-name
AssetImportWorker0
-projectPath
F:/UnityGames/Wild-Horde-Defense/Wild-Horde-Defense
-logFile
Logs/AssetImportWorker0.log
-srvPort
54833
Successfully changed project path to: F:/UnityGames/Wild-Horde-Defense/Wild-Horde-Defense
F:/UnityGames/Wild-Horde-Defense/Wild-Horde-Defense
[UnityMemory] Configuration Parameters - Can be set up in boot.config
    "memorysetup-bucket-allocator-granularity=16"
    "memorysetup-bucket-allocator-bucket-count=8"
    "memorysetup-bucket-allocator-block-size=33554432"
    "memorysetup-bucket-allocator-block-count=8"
    "memorysetup-main-allocator-block-size=16777216"
    "memorysetup-thread-allocator-block-size=16777216"
    "memorysetup-gfx-main-allocator-block-size=16777216"
    "memorysetup-gfx-thread-allocator-block-size=16777216"
    "memorysetup-cache-allocator-block-size=4194304"
    "memorysetup-typetree-allocator-block-size=2097152"
    "memorysetup-profiler-bucket-allocator-granularity=16"
    "memorysetup-profiler-bucket-allocator-bucket-count=8"
    "memorysetup-profiler-bucket-allocator-block-size=33554432"
    "memorysetup-profiler-bucket-allocator-block-count=8"
    "memorysetup-profiler-allocator-block-size=16777216"
    "memorysetup-profiler-editor-allocator-block-size=1048576"
    "memorysetup-temp-allocator-size-main=16777216"
    "memorysetup-job-temp-allocator-block-size=2097152"
    "memorysetup-job-temp-allocator-block-size-background=1048576"
    "memorysetup-job-temp-allocator-reduction-small-platforms=262144"
    "memorysetup-temp-allocator-size-background-worker=32768"
    "memorysetup-temp-allocator-size-job-worker=262144"
    "memorysetup-temp-allocator-size-preload-manager=33554432"
    "memorysetup-temp-allocator-size-nav-mesh-worker=65536"
    "memorysetup-temp-allocator-size-audio-worker=65536"
    "memorysetup-temp-allocator-size-cloud-worker=32768"
    "memorysetup-temp-allocator-size-gi-baking-worker=262144"
    "memorysetup-temp-allocator-size-gfx=262144"
Refreshing native plugins compatible for Editor in 82.66 ms, found 3 plugins.
Preloading 0 native plugins for Editor in 0.00 ms.
Initialize engine version: 2022.1.20f1 (01d83b40d570)
[Subsystems] Discovering subsystems at path G:/Program Files/Unity/Hub/Editor/2022.1.20f1/Editor/Data/Resources/UnitySubsystems
[Subsystems] Discovering subsystems at path F:/UnityGames/Wild-Horde-Defense/Wild-Horde-Defense/Assets
GfxDevice: creating device client; threaded=0; jobified=0
Direct3D:
    Version:  Direct3D 11.0 [level 11.1]
    Renderer: NVIDIA GeForce GTX 1080 (ID=0x1b80)
    Vendor:   NVIDIA
    VRAM:     8072 MB
    Driver:   31.0.15.3742
Initialize mono
Mono path[0] = 'G:/Program Files/Unity/Hub/Editor/2022.1.20f1/Editor/Data/Managed'
Mono path[1] = 'G:/Program Files/Unity/Hub/Editor/2022.1.20f1/Editor/Data/MonoBleedingEdge/lib/mono/unityjit-win32'
Mono config path = 'G:/Program Files/Unity/Hub/Editor/2022.1.20f1/Editor/Data/MonoBleedingEdge/etc'
Using monoOptions --debugger-agent=transport=dt_socket,embedding=1,server=y,suspend=n,address=127.0.0.1:56504
Begin MonoManager ReloadAssembly
Registering precompiled unity dll's ...
Register platform support module: G:/Program Files/Unity/Hub/Editor/2022.1.20f1/Editor/Data/PlaybackEngines/WebGLSupport/UnityEditor.WebGL.Extensions.dll
Register platform support module: G:/Program Files/Unity/Hub/Editor/2022.1.20f1/Editor/Data/PlaybackEngines/AndroidPlayer/UnityEditor.Android.Extensions.dll
Register platform support module: G:/Program Files/Unity/Hub/Editor/2022.1.20f1/Editor/Data/PlaybackEngines/WindowsStandaloneSupport/UnityEditor.WindowsStandalone.Extensions.dll
Registered in 0.003931 seconds.
Native extension for WindowsStandalone target not found
Native extension for Android target not found
Native extension for WebGL target not found
Refreshing native plugins compatible for Editor in 95.12 ms, found 3 plugins.
Preloading 0 native plugins for Editor in 0.00 ms.
Mono: successfully reloaded assembly
- Completed reload, in  0.611 seconds
Domain Reload Profiling:
	ReloadAssembly (612ms)
		BeginReloadAssembly (59ms)
			ExecutionOrderSort (0ms)
			DisableScriptedObjects (0ms)
			BackupInstance (0ms)
			ReleaseScriptingObjects (0ms)
			CreateAndSetChildDomain (1ms)
		EndReloadAssembly (457ms)
			LoadAssemblies (59ms)
			RebuildTransferFunctionScriptingTraits (0ms)
			SetupTypeCache (102ms)
				TypeCache.Initialize (102ms)
					TypeCache.ScanAssembly (100ms)
				ResolveRequiredComponents (0ms)
			ReleaseScriptCaches (0ms)
			RebuildScriptCaches (25ms)
			SetupLoadedEditorAssemblies (286ms)
				LogAssemblyErrors (0ms)
				InitializePlatformSupportModulesInManaged (48ms)
				SetLoadedEditorAssemblies (8ms)
				RefreshPlugins (95ms)
				BeforeProcessingInitializeOnLoad (1ms)
				ProcessInitializeOnLoadAttributes (93ms)
				ProcessInitializeOnLoadMethodAttributes (40ms)
				AfterProcessingInitializeOnLoad (0ms)
				EditorAssembliesLoaded (0ms)
			ExecutionOrderSort2 (0ms)
			AwakeInstancesAfterBackupRestoration (0ms)
Platform modules already initialized, skipping
Registering precompiled user dll's ...
Registered in 0.003507 seconds.
Begin MonoManager ReloadAssembly
Symbol file LoadedFromMemory doesn't match image F:\UnityGames\Wild-Horde-Defense\Wild-Horde-Defense\Library\PackageCache\com.unity.visualscripting@1.7.8\Editor\VisualScripting.Core\Dependencies\YamlDotNet\Unity.VisualScripting.YamlDotNet.dll
Symbol file LoadedFromMemory doesn't match image F:\UnityGames\Wild-Horde-Defense\Wild-Horde-Defense\Library\PackageCache\com.unity.visualscripting@1.7.8\Editor\VisualScripting.Core\Dependencies\DotNetZip\Unity.VisualScripting.IonicZip.dll
Native extension for WindowsStandalone target not found
Native extension for Android target not found
Native extension for WebGL target not found
Refreshing native plugins compatible for Editor in 0.75 ms, found 3 plugins.
Preloading 0 native plugins for Editor in 0.00 ms.
Mono: successfully reloaded assembly
- Completed reload, in  1.085 seconds
Domain Reload Profiling:
	ReloadAssembly (1085ms)
		BeginReloadAssembly (221ms)
			ExecutionOrderSort (0ms)
			DisableScriptedObjects (5ms)
			BackupInstance (0ms)
			ReleaseScriptingObjects (0ms)
			CreateAndSetChildDomain (132ms)
		EndReloadAssembly (757ms)
			LoadAssemblies (74ms)
			RebuildTransferFunctionScriptingTraits (0ms)
			SetupTypeCache (264ms)
				TypeCache.Initialize (260ms)
					TypeCache.ScanAssembly (255ms)
				ResolveRequiredComponents (4ms)
			ReleaseScriptCaches (1ms)
			RebuildScriptCaches (45ms)
			SetupLoadedEditorAssemblies (339ms)
				LogAssemblyErrors (0ms)
				InitializePlatformSupportModulesInManaged (12ms)
				SetLoadedEditorAssemblies (6ms)
				RefreshPlugins (1ms)
				BeforeProcessingInitializeOnLoad (70ms)
				ProcessInitializeOnLoadAttributes (222ms)
				ProcessInitializeOnLoadMethodAttributes (25ms)
				AfterProcessingInitializeOnLoad (3ms)
				EditorAssembliesLoaded (0ms)
			ExecutionOrderSort2 (0ms)
			AwakeInstancesAfterBackupRestoration (9ms)
Platform modules already initialized, skipping
========================================================================
Worker process is ready to serve import requests
Launched and connected shader compiler UnityShaderCompiler.exe after 0.04 seconds
Refreshing native plugins compatible for Editor in 0.82 ms, found 3 plugins.
Preloading 0 native plugins for Editor in 0.00 ms.
Unloading 3518 Unused Serialized files (Serialized files now loaded: 0)
Unloading 26 unused Assets / (58.4 KB). Loaded Objects now: 4004.
Memory consumption went from 0.55 GB to 0.55 GB.
Total: 2.966700 ms (FindLiveObjects: 0.312800 ms CreateObjectMapping: 0.093200 ms MarkObjects: 2.471500 ms  DeleteObjects: 0.087900 ms)

AssetImportParameters requested are different than current active one (requested -> active):
  custom:video-decoder-ogg-theora: a1e56fd34408186e4bbccfd4996cb3dc -> 
  custom:container-muxer-webm: aa71ff27fc2769a1b78a27578f13a17b -> 
  custom:container-demuxer-webm: 4f35f7cbe854078d1ac9338744f61a02 -> 
  custom:video-encoder-webm-vp8: eb34c28f22e8b96e1ab97ce403110664 -> 
  custom:audio-encoder-webm-vorbis: bf7c407c2cedff20999df2af8eb42d56 -> 
  custom:framework-win-MediaFoundation: 216162199b28c13a410421893ffa2e32 -> 
  custom:container-demuxer-ogg: 62fdf1f143b41e24485cea50d1cbac27 -> 
  custom:video-decoder-webm-vp8: 9c59270c3fd7afecdb556c50c9e8de78 -> 
  custom:audio-decoder-ogg-vorbis: bf7c407c2cedff20999df2af8eb42d56 -> 
========================================================================
Received Import Request.
  Time since last request: 143048.538371 seconds.
  path: Assets/New Terrain.asset
  artifactKey: Guid(477b39fcf19310248b7fb640d15b6eae) Importer(815301076,1909f56bfc062723c751e8b465ee728b)
Start importing Assets/New Terrain.asset using Guid(477b39fcf19310248b7fb640d15b6eae) Importer(815301076,1909f56bfc062723c751e8b465ee728b)  -> (artifact id: '91b6160dcc55a5fb555d7228976d1a41') in 0.102988 seconds 
========================================================================
Received Import Request.
  Time since last request: 6.464844 seconds.
  path: Assets/Tree_Textures
  artifactKey: Guid(3eb6aa083bf96ad46b0424e8962d9d5d) Importer(815301076,1909f56bfc062723c751e8b465ee728b)
Start importing Assets/Tree_Textures using Guid(3eb6aa083bf96ad46b0424e8962d9d5d) Importer(815301076,1909f56bfc062723c751e8b465ee728b)  -> (artifact id: '96f1cf98670ab28fb725fd696190505b') in 0.007277 seconds 
========================================================================
Received Import Request.
  Time since last request: 2.898392 seconds.
  path: Assets/Tower Defense Level Kit
  artifactKey: Guid(7c5331efc0b6d8d4d970b8d21736fd0e) Importer(815301076,1909f56bfc062723c751e8b465ee728b)
Start importing Assets/Tower Defense Level Kit using Guid(7c5331efc0b6d8d4d970b8d21736fd0e) Importer(815301076,1909f56bfc062723c751e8b465ee728b)  -> (artifact id: '919f0a95fdc24fdcdb1e1874b4c4b1d5') in 0.007045 seconds 
========================================================================
Received Import Request.
  Time since last request: 0.893993 seconds.
  path: Assets/Tower Defense Level Kit/Tower Defense Level Kit
  artifactKey: Guid(64809cee638635746bca9c1c2a79770b) Importer(815301076,1909f56bfc062723c751e8b465ee728b)
Start importing Assets/Tower Defense Level Kit/Tower Defense Level Kit using Guid(64809cee638635746bca9c1c2a79770b) Importer(815301076,1909f56bfc062723c751e8b465ee728b)  -> (artifact id: 'cedd8716809853e97120a223eb990400') in 0.001457 seconds 
========================================================================
Received Import Request.
  Time since last request: 3.669018 seconds.
  path: Assets/Tower Defense Level Kit/Tower Defense Level Kit/Origin
  artifactKey: Guid(ea5210532057df347b35c6633e837741) Importer(815301076,1909f56bfc062723c751e8b465ee728b)
Start importing Assets/Tower Defense Level Kit/Tower Defense Level Kit/Origin using Guid(ea5210532057df347b35c6633e837741) Importer(815301076,1909f56bfc062723c751e8b465ee728b)  -> (artifact id: '1ab4bb9eb77c7af435b87667cf297669') in 0.008020 seconds 
========================================================================
Received Import Request.
  Time since last request: 1.565822 seconds.
  path: Assets/Tower Defense Level Kit/Tower Defense Level Kit/Origin/Standard Assets
  artifactKey: Guid(48cc37813a253044a9ba000cc663bf45) Importer(815301076,1909f56bfc062723c751e8b465ee728b)
Start importing Assets/Tower Defense Level Kit/Tower Defense Level Kit/Origin/Standard Assets using Guid(48cc37813a253044a9ba000cc663bf45) Importer(815301076,1909f56bfc062723c751e8b465ee728b)  -> (artifact id: '3a26e4f14668160c7f25e8a9ae41ca41') in 0.007522 seconds 
========================================================================
Received Import Request.
  Time since last request: 1.484057 seconds.
  path: Assets/Tower Defense Level Kit/Tower Defense Level Kit/Origin/Standard Assets/Effects
  artifactKey: Guid(115d1f9d9bd29064ab981e57c8fc8cdf) Importer(815301076,1909f56bfc062723c751e8b465ee728b)
Start importing Assets/Tower Defense Level Kit/Tower Defense Level Kit/Origin/Standard Assets/Effects using Guid(115d1f9d9bd29064ab981e57c8fc8cdf) Importer(815301076,1909f56bfc062723c751e8b465ee728b)  -> (artifact id: '8888a2b5e8198b50b41ddd96ca939b53') in 0.007992 seconds 
========================================================================
Received Import Request.
  Time since last request: 11.654322 seconds.
  path: Assets/Tower Defense Level Kit/Tower Defense Level Kit/Demo
  artifactKey: Guid(377536b39d7cfc54b9ce88f007479d2a) Importer(815301076,1909f56bfc062723c751e8b465ee728b)
Start importing Assets/Tower Defense Level Kit/Tower Defense Level Kit/Demo using Guid(377536b39d7cfc54b9ce88f007479d2a) Importer(815301076,1909f56bfc062723c751e8b465ee728b)  -> (artifact id: '01ce84d89b69b54c97167fdf5cc7aa73') in 0.007138 seconds 
========================================================================
Received Import Request.
  Time since last request: 11.432498 seconds.
  path: Assets/Tower Defense Level Kit/Tower Defense Level Kit/Origin/Standard Assets/Effects/ImageEffects
  artifactKey: Guid(d6e0c95a128e14227939c51b5d9ad74e) Importer(815301076,1909f56bfc062723c751e8b465ee728b)
Start importing Assets/Tower Defense Level Kit/Tower Defense Level Kit/Origin/Standard Assets/Effects/ImageEffects using Guid(d6e0c95a128e14227939c51b5d9ad74e) Importer(815301076,1909f56bfc062723c751e8b465ee728b)  -> (artifact id: 'f0648c4c5b51ad782a2a311524f70c6f') in 0.006880 seconds 
========================================================================
Received Import Request.
  Time since last request: 1.777925 seconds.
  path: Assets/Tower Defense Level Kit/Tower Defense Level Kit/Origin/Standard Assets/Effects/ImageEffects/Textures
  artifactKey: Guid(f9372f23586ef470b97d53856af88487) Importer(815301076,1909f56bfc062723c751e8b465ee728b)
Start importing Assets/Tower Defense Level Kit/Tower Defense Level Kit/Origin/Standard Assets/Effects/ImageEffects/Textures using Guid(f9372f23586ef470b97d53856af88487) Importer(815301076,1909f56bfc062723c751e8b465ee728b)  -> (artifact id: '5f81c53a856d23ae015d694447262da0') in 0.006883 seconds 
========================================================================
Received Import Request.
  Time since last request: 4.085508 seconds.
  path: Assets/Tower Defense Level Kit/Tower Defense Level Kit/Origin/Standard Assets/Effects/ImageEffects/Scripts
  artifactKey: Guid(cd3e1490c3d9a7a498538315414d5129) Importer(815301076,1909f56bfc062723c751e8b465ee728b)
Start importing Assets/Tower Defense Level Kit/Tower Defense Level Kit/Origin/Standard Assets/Effects/ImageEffects/Scripts using Guid(cd3e1490c3d9a7a498538315414d5129) Importer(815301076,1909f56bfc062723c751e8b465ee728b)  -> (artifact id: '5027af9e5230bb999d26efb5e2395669') in 0.007298 seconds 
========================================================================
Received Import Request.
  Time since last request: 14.489952 seconds.
  path: Assets/Tower Defense Level Kit/Tower Defense Level Kit/Origin/2D&Effect
  artifactKey: Guid(5c2dc9d9184e00d4490a5db054133c33) Importer(815301076,1909f56bfc062723c751e8b465ee728b)
Start importing Assets/Tower Defense Level Kit/Tower Defense Level Kit/Origin/2D&Effect using Guid(5c2dc9d9184e00d4490a5db054133c33) Importer(815301076,1909f56bfc062723c751e8b465ee728b)  -> (artifact id: '7cd853728ca53a9eb0cc19efa4948f50') in 0.007207 seconds 
========================================================================
Received Import Request.
  Time since last request: 0.998731 seconds.
  path: Assets/Tower Defense Level Kit/Tower Defense Level Kit/Origin/2D&Effect/Shader
  artifactKey: Guid(f5bdfd0ee36f86d448060e5e6c3d377f) Importer(815301076,1909f56bfc062723c751e8b465ee728b)
Start importing Assets/Tower Defense Level Kit/Tower Defense Level Kit/Origin/2D&Effect/Shader using Guid(f5bdfd0ee36f86d448060e5e6c3d377f) Importer(815301076,1909f56bfc062723c751e8b465ee728b)  -> (artifact id: '70426ed9073afdd9abc7233a9d59de8e') in 0.007569 seconds 
========================================================================
Received Import Request.
  Time since last request: 2.433069 seconds.
  path: Assets/Tower Defense Level Kit/Tower Defense Level Kit/Prefabs
  artifactKey: Guid(699112d899c550540af68cfdf7f3ef79) Importer(815301076,1909f56bfc062723c751e8b465ee728b)
Start importing Assets/Tower Defense Level Kit/Tower Defense Level Kit/Prefabs using Guid(699112d899c550540af68cfdf7f3ef79) Importer(815301076,1909f56bfc062723c751e8b465ee728b)  -> (artifact id: 'ea5843167cd1d50f48d9103583ff7f9f') in 0.009003 seconds 
========================================================================
Received Import Request.
  Time since last request: 2.293678 seconds.
  path: Assets/Tower Defense Level Kit/Tower Defense Level Kit/Prefabs/Towers
  artifactKey: Guid(8ff4a806bd7446c4b95f0f112610c882) Importer(815301076,1909f56bfc062723c751e8b465ee728b)
Start importing Assets/Tower Defense Level Kit/Tower Defense Level Kit/Prefabs/Towers using Guid(8ff4a806bd7446c4b95f0f112610c882) Importer(815301076,1909f56bfc062723c751e8b465ee728b)  -> (artifact id: 'e421801e2afd8eda924ce22bd3042e47') in 0.007122 seconds 
========================================================================
Received Import Request.
  Time since last request: 2.662145 seconds.
  path: Assets/Tower Defense Level Kit/Tower Defense Level Kit/Prefabs/Towers/Tower_A_L1.prefab
  artifactKey: Guid(7ac56bab20be57a49b715c98471c1346) Importer(815301076,1909f56bfc062723c751e8b465ee728b)
Start importing Assets/Tower Defense Level Kit/Tower Defense Level Kit/Prefabs/Towers/Tower_A_L1.prefab using Guid(7ac56bab20be57a49b715c98471c1346) Importer(815301076,1909f56bfc062723c751e8b465ee728b)  -> (artifact id: '443e28b053b399b7a06b2b86e0d48ada') in 0.133768 seconds 
========================================================================
Received Import Request.
  Time since last request: 1.018234 seconds.
  path: Assets/Tower Defense Level Kit/Tower Defense Level Kit/Prefabs/Towers/Tower_A_L3.prefab
  artifactKey: Guid(adff1ae3360dcb14fb5fbd7774d0ce0d) Importer(815301076,1909f56bfc062723c751e8b465ee728b)
Start importing Assets/Tower Defense Level Kit/Tower Defense Level Kit/Prefabs/Towers/Tower_A_L3.prefab using Guid(adff1ae3360dcb14fb5fbd7774d0ce0d) Importer(815301076,1909f56bfc062723c751e8b465ee728b)  -> (artifact id: 'a5c347c4e3b05040464ee7377da7c721') in 0.013229 seconds 
========================================================================
Received Import Request.
  Time since last request: 5.253056 seconds.
  path: Assets/Tower Defense Level Kit/Tower Defense Level Kit/Prefabs/Towers/Tower_A_L2.prefab
  artifactKey: Guid(518be93971ce7d8419f580ded9f573ef) Importer(815301076,1909f56bfc062723c751e8b465ee728b)
Start importing Assets/Tower Defense Level Kit/Tower Defense Level Kit/Prefabs/Towers/Tower_A_L2.prefab using Guid(518be93971ce7d8419f580ded9f573ef) Importer(815301076,1909f56bfc062723c751e8b465ee728b)  -> (artifact id: '994e0e70af1e1bee325b5e5ac3006ca5') in 0.013753 seconds 
========================================================================
Received Import Request.
  Time since last request: 0.806730 seconds.
  path: Assets/Tower Defense Level Kit/Tower Defense Level Kit/Prefabs/Towers/Tower_B_L2.prefab
  artifactKey: Guid(b1431f1e2f3e74e4a97d809d311c0fda) Importer(815301076,1909f56bfc062723c751e8b465ee728b)
Start importing Assets/Tower Defense Level Kit/Tower Defense Level Kit/Prefabs/Towers/Tower_B_L2.prefab using Guid(b1431f1e2f3e74e4a97d809d311c0fda) Importer(815301076,1909f56bfc062723c751e8b465ee728b)  -> (artifact id: '0d14ce168813512c1b037056f9246db5') in 0.014584 seconds 
========================================================================
Received Import Request.
  Time since last request: 0.303122 seconds.
  path: Assets/Tower Defense Level Kit/Tower Defense Level Kit/Prefabs/Towers/Tower_B_L4.prefab
  artifactKey: Guid(263c9c2955de3cb488d7a95bcccec5a7) Importer(815301076,1909f56bfc062723c751e8b465ee728b)
Start importing Assets/Tower Defense Level Kit/Tower Defense Level Kit/Prefabs/Towers/Tower_B_L4.prefab using Guid(263c9c2955de3cb488d7a95bcccec5a7) Importer(815301076,1909f56bfc062723c751e8b465ee728b)  -> (artifact id: 'fc5a65776a84b0e2c32bd73b6c915343') in 0.012846 seconds 
========================================================================
Received Import Request.
  Time since last request: 7.095890 seconds.
  path: Assets/Tower Defense Level Kit/Tower Defense Level Kit/Prefabs/Weapons
  artifactKey: Guid(15af08175aa382149b059ddcb45e0d04) Importer(815301076,1909f56bfc062723c751e8b465ee728b)
Start importing Assets/Tower Defense Level Kit/Tower Defense Level Kit/Prefabs/Weapons using Guid(15af08175aa382149b059ddcb45e0d04) Importer(815301076,1909f56bfc062723c751e8b465ee728b)  -> (artifact id: '4a323ce6188bb812e4763f2ed3e23fbb') in 0.007168 seconds 
========================================================================
Received Import Request.
  Time since last request: 1.960033 seconds.
  path: Assets/Tower Defense Level Kit/Tower Defense Level Kit/Prefabs/Weapons/Crossbow_L1.prefab
  artifactKey: Guid(02e86fbd8e914f942bb37f0715d5c842) Importer(815301076,1909f56bfc062723c751e8b465ee728b)
Start importing Assets/Tower Defense Level Kit/Tower Defense Level Kit/Prefabs/Weapons/Crossbow_L1.prefab using Guid(02e86fbd8e914f942bb37f0715d5c842) Importer(815301076,1909f56bfc062723c751e8b465ee728b)  -> (artifact id: '6524bdd016d5ec8711b40b5120e9feff') in 0.013387 seconds 
========================================================================
Received Import Request.
  Time since last request: 3.490041 seconds.
  path: Assets/Tower Defense Level Kit/Tower Defense Level Kit/Prefabs/Weapons/Cannon_L3.prefab
  artifactKey: Guid(f324b36bd606bb649a0a1c0923164bcd) Importer(815301076,1909f56bfc062723c751e8b465ee728b)
Start importing Assets/Tower Defense Level Kit/Tower Defense Level Kit/Prefabs/Weapons/Cannon_L3.prefab using Guid(f324b36bd606bb649a0a1c0923164bcd) Importer(815301076,1909f56bfc062723c751e8b465ee728b)  -> (artifact id: '867b8668c352c313b0e6e289e82809ce') in 0.059068 seconds 
========================================================================
Received Import Request.
  Time since last request: 1.180300 seconds.
  path: Assets/Tower Defense Level Kit/Tower Defense Level Kit/Prefabs/Weapons/Cannon_L1.prefab
  artifactKey: Guid(4c763d9f6102cea4283845384ee33002) Importer(815301076,1909f56bfc062723c751e8b465ee728b)
Start importing Assets/Tower Defense Level Kit/Tower Defense Level Kit/Prefabs/Weapons/Cannon_L1.prefab using Guid(4c763d9f6102cea4283845384ee33002) Importer(815301076,1909f56bfc062723c751e8b465ee728b)  -> (artifact id: '6d7f23487009cf642565a46aa6ef9301') in 0.015137 seconds 
========================================================================
Received Import Request.
  Time since last request: 13.015999 seconds.
  path: Assets/Tower Defense Level Kit/Tower Defense Level Kit/Origin/Meshes/Weapons/Textures/Cannon.png
  artifactKey: Guid(69a0b7df5add43b4fa3bc0305c70bda7) Importer(815301076,1909f56bfc062723c751e8b465ee728b)
Start importing Assets/Tower Defense Level Kit/Tower Defense Level Kit/Origin/Meshes/Weapons/Textures/Cannon.png using Guid(69a0b7df5add43b4fa3bc0305c70bda7) Importer(815301076,1909f56bfc062723c751e8b465ee728b)  -> (artifact id: '42955edfb2912a52b4fd6f70f4bb38b0') in 0.015934 seconds 
========================================================================
Received Import Request.
  Time since last request: 14.040310 seconds.
  path: Assets/Tower Defense Level Kit/Tower Defense Level Kit/Origin/2D&Effect/Particles/Materials/Sparkles01.mat
  artifactKey: Guid(2bd3023eee033a442946692b395127fa) Importer(815301076,1909f56bfc062723c751e8b465ee728b)
Start importing Assets/Tower Defense Level Kit/Tower Defense Level Kit/Origin/2D&Effect/Particles/Materials/Sparkles01.mat using Guid(2bd3023eee033a442946692b395127fa) Importer(815301076,1909f56bfc062723c751e8b465ee728b)  -> (artifact id: 'bb21146504021199d71c7c3c4c050ee4') in 0.046654 seconds 
========================================================================
Received Import Request.
  Time since last request: 65.531498 seconds.
  path: Assets/Tower Defense Level Kit/Tower Defense Level Kit/Prefabs/Particles
  artifactKey: Guid(6b5afa30d99ce2e4f889b168ba3b529f) Importer(815301076,1909f56bfc062723c751e8b465ee728b)
Start importing Assets/Tower Defense Level Kit/Tower Defense Level Kit/Prefabs/Particles using Guid(6b5afa30d99ce2e4f889b168ba3b529f) Importer(815301076,1909f56bfc062723c751e8b465ee728b)  -> (artifact id: 'cfe3660a7e97a5015cef76b58412bf60') in 0.007064 seconds 
========================================================================
Received Import Request.
  Time since last request: 1.118592 seconds.
  path: Assets/Tower Defense Level Kit/Tower Defense Level Kit/Prefabs/Particles/Fire01.prefab
  artifactKey: Guid(f6e8599e51313204cb184f2a29361632) Importer(815301076,1909f56bfc062723c751e8b465ee728b)
Start importing Assets/Tower Defense Level Kit/Tower Defense Level Kit/Prefabs/Particles/Fire01.prefab using Guid(f6e8599e51313204cb184f2a29361632) Importer(815301076,1909f56bfc062723c751e8b465ee728b)  -> (artifact id: '11dba9be942facb30e5866719cf873b5') in 0.012973 seconds 
========================================================================
Received Import Request.
  Time since last request: 0.004100 seconds.
  path: Assets/Tower Defense Level Kit/Tower Defense Level Kit/Origin/2D&Effect/Particles/Materials/Fire01.mat
  artifactKey: Guid(11ba1834537a70b42be0411aa4f3eaa3) Importer(815301076,1909f56bfc062723c751e8b465ee728b)
Start importing Assets/Tower Defense Level Kit/Tower Defense Level Kit/Origin/2D&Effect/Particles/Materials/Fire01.mat using Guid(11ba1834537a70b42be0411aa4f3eaa3) Importer(815301076,1909f56bfc062723c751e8b465ee728b)  -> (artifact id: 'cf897094fe50ca6799c32e49d67c5074') in 0.012786 seconds 
========================================================================
Received Import Request.
  Time since last request: 0.095160 seconds.
  path: Assets/Tower Defense Level Kit/Tower Defense Level Kit/Prefabs/Particles/Fire01.prefab
  artifactKey: Guid(f6e8599e51313204cb184f2a29361632) Importer(815301076,1909f56bfc062723c751e8b465ee728b)
Start importing Assets/Tower Defense Level Kit/Tower Defense Level Kit/Prefabs/Particles/Fire01.prefab using Guid(f6e8599e51313204cb184f2a29361632) Importer(815301076,1909f56bfc062723c751e8b465ee728b)  -> (artifact id: 'e2a10760e0c58e0c1a3bee21fa613ed3') in 0.006915 seconds 
========================================================================
Received Import Request.
  Time since last request: 140.919802 seconds.
  path: Assets/Tower Defense Level Kit/Tower Defense Level Kit/Prefabs/Particles/Lightning.prefab
  artifactKey: Guid(c9fbcadf9c898c8488c6c59a0be92c0c) Importer(815301076,1909f56bfc062723c751e8b465ee728b)
Start importing Assets/Tower Defense Level Kit/Tower Defense Level Kit/Prefabs/Particles/Lightning.prefab using Guid(c9fbcadf9c898c8488c6c59a0be92c0c) Importer(815301076,1909f56bfc062723c751e8b465ee728b)  -> (artifact id: 'accca34bae649b9893b45e3ba42e9777') in 0.012462 seconds 
========================================================================
Received Import Request.
  Time since last request: 0.002467 seconds.
  path: Assets/Tower Defense Level Kit/Tower Defense Level Kit/Origin/2D&Effect/Particles/Materials/Lightning01.mat
  artifactKey: Guid(fde55ed78859c454c9cc7f1607c21f0e) Importer(815301076,1909f56bfc062723c751e8b465ee728b)
Start importing Assets/Tower Defense Level Kit/Tower Defense Level Kit/Origin/2D&Effect/Particles/Materials/Lightning01.mat using Guid(fde55ed78859c454c9cc7f1607c21f0e) Importer(815301076,1909f56bfc062723c751e8b465ee728b)  -> (artifact id: '7d6d02c46b94e6d61b9bc0946da3053b') in 0.011954 seconds 
========================================================================
Received Import Request.
  Time since last request: 0.066359 seconds.
  path: Assets/Tower Defense Level Kit/Tower Defense Level Kit/Prefabs/Particles/Lightning.prefab
  artifactKey: Guid(c9fbcadf9c898c8488c6c59a0be92c0c) Importer(815301076,1909f56bfc062723c751e8b465ee728b)
Start importing Assets/Tower Defense Level Kit/Tower Defense Level Kit/Prefabs/Particles/Lightning.prefab using Guid(c9fbcadf9c898c8488c6c59a0be92c0c) Importer(815301076,1909f56bfc062723c751e8b465ee728b)  -> (artifact id: '5472bf43a193e41bae369c9b937960f1') in 0.007161 seconds 
========================================================================
Received Import Request.
  Time since last request: 1.065221 seconds.
  path: Assets/Tower Defense Level Kit/Tower Defense Level Kit/Prefabs/Particles/MistBlue.prefab
  artifactKey: Guid(a5127de2969cafc44b2112936f82faf8) Importer(815301076,1909f56bfc062723c751e8b465ee728b)
Start importing Assets/Tower Defense Level Kit/Tower Defense Level Kit/Prefabs/Particles/MistBlue.prefab using Guid(a5127de2969cafc44b2112936f82faf8) Importer(815301076,1909f56bfc062723c751e8b465ee728b)  -> (artifact id: '4fb2f6ac384b075bc2322cfe29fd3f85') in 0.012935 seconds 
========================================================================
Received Import Request.
  Time since last request: 0.006607 seconds.
  path: Assets/Tower Defense Level Kit/Tower Defense Level Kit/Origin/2D&Effect/Particles/Materials/Mist.mat
  artifactKey: Guid(837a619fff9f684439976c1899ca0350) Importer(815301076,1909f56bfc062723c751e8b465ee728b)
Start importing Assets/Tower Defense Level Kit/Tower Defense Level Kit/Origin/2D&Effect/Particles/Materials/Mist.mat using Guid(837a619fff9f684439976c1899ca0350) Importer(815301076,1909f56bfc062723c751e8b465ee728b)  -> (artifact id: '3af9d7c2097981f2c920a09244efa101') in 0.011264 seconds 
========================================================================
Received Import Request.
  Time since last request: 0.061472 seconds.
  path: Assets/Tower Defense Level Kit/Tower Defense Level Kit/Prefabs/Particles/MistBlue.prefab
  artifactKey: Guid(a5127de2969cafc44b2112936f82faf8) Importer(815301076,1909f56bfc062723c751e8b465ee728b)
Start importing Assets/Tower Defense Level Kit/Tower Defense Level Kit/Prefabs/Particles/MistBlue.prefab using Guid(a5127de2969cafc44b2112936f82faf8) Importer(815301076,1909f56bfc062723c751e8b465ee728b)  -> (artifact id: 'b202fc0f8da7da847ec5347b30c3f0ad') in 0.008115 seconds 
========================================================================
Received Import Request.
  Time since last request: 59.448307 seconds.
  path: Assets/Tower Defense Level Kit/Tower Defense Level Kit/Origin/Meshes
  artifactKey: Guid(dc8448b024ca21148b8535c28b727bef) Importer(815301076,1909f56bfc062723c751e8b465ee728b)
Start importing Assets/Tower Defense Level Kit/Tower Defense Level Kit/Origin/Meshes using Guid(dc8448b024ca21148b8535c28b727bef) Importer(815301076,1909f56bfc062723c751e8b465ee728b)  -> (artifact id: 'eb12d31ccb3fa2ba8f78a6a02bf8fb0c') in 0.007223 seconds 
========================================================================
Received Import Request.
  Time since last request: 1.551926 seconds.
  path: Assets/Tower Defense Level Kit/Tower Defense Level Kit/Origin/Meshes/Props
  artifactKey: Guid(b66ad10a7a7add040ae44cb85506cf1a) Importer(815301076,1909f56bfc062723c751e8b465ee728b)
Start importing Assets/Tower Defense Level Kit/Tower Defense Level Kit/Origin/Meshes/Props using Guid(b66ad10a7a7add040ae44cb85506cf1a) Importer(815301076,1909f56bfc062723c751e8b465ee728b)  -> (artifact id: '58562c5ce075da6b1f5770c20ecfe0d7') in 0.007677 seconds 
========================================================================
Received Import Request.
  Time since last request: 3.363246 seconds.
  path: Assets/Tower Defense Level Kit/Tower Defense Level Kit/Origin/Meshes/Props/Stone
  artifactKey: Guid(5738d51a58ca4f24daf7175c35999af1) Importer(815301076,1909f56bfc062723c751e8b465ee728b)
Start importing Assets/Tower Defense Level Kit/Tower Defense Level Kit/Origin/Meshes/Props/Stone using Guid(5738d51a58ca4f24daf7175c35999af1) Importer(815301076,1909f56bfc062723c751e8b465ee728b)  -> (artifact id: '9e13ba1f5e0ee9e18e0491268f309d4a') in 0.007181 seconds 
========================================================================
Received Import Request.
  Time since last request: 1.310411 seconds.
  path: Assets/Tower Defense Level Kit/Tower Defense Level Kit/Origin/Meshes/Props/Stone/Fence_Harrow01.FBX
  artifactKey: Guid(429a391939b304b46b1ffffe27630b8e) Importer(815301076,1909f56bfc062723c751e8b465ee728b)
Start importing Assets/Tower Defense Level Kit/Tower Defense Level Kit/Origin/Meshes/Props/Stone/Fence_Harrow01.FBX using Guid(429a391939b304b46b1ffffe27630b8e) Importer(815301076,1909f56bfc062723c751e8b465ee728b)  -> (artifact id: '3bc08697cee2c27caac40d40268006c1') in 0.092646 seconds 
========================================================================
Received Import Request.
  Time since last request: 0.659859 seconds.
  path: Assets/Tower Defense Level Kit/Tower Defense Level Kit/Origin/Meshes/Props/Stone/Fence_Harrow02.FBX
  artifactKey: Guid(fb7bf1f61a921154989334cb2b441430) Importer(815301076,1909f56bfc062723c751e8b465ee728b)
Start importing Assets/Tower Defense Level Kit/Tower Defense Level Kit/Origin/Meshes/Props/Stone/Fence_Harrow02.FBX using Guid(fb7bf1f61a921154989334cb2b441430) Importer(815301076,1909f56bfc062723c751e8b465ee728b)  -> (artifact id: '2d10389c95a1c7797893a7baed062ce0') in 0.019455 seconds 
========================================================================
Received Import Request.
  Time since last request: 0.337587 seconds.
  path: Assets/Tower Defense Level Kit/Tower Defense Level Kit/Origin/Meshes/Props/Stone/Harrow02.FBX
  artifactKey: Guid(b2a0f3f771d8f694385c685c5f65cc7b) Importer(815301076,1909f56bfc062723c751e8b465ee728b)
Start importing Assets/Tower Defense Level Kit/Tower Defense Level Kit/Origin/Meshes/Props/Stone/Harrow02.FBX using Guid(b2a0f3f771d8f694385c685c5f65cc7b) Importer(815301076,1909f56bfc062723c751e8b465ee728b)  -> (artifact id: '736d992c02ca56264544b450b6d5184d') in 0.024160 seconds 
========================================================================
Received Import Request.
  Time since last request: 0.267030 seconds.
  path: Assets/Tower Defense Level Kit/Tower Defense Level Kit/Origin/Meshes/Props/Stone/Pavement02.FBX
  artifactKey: Guid(09cfb490763712941b7cca4ca9574024) Importer(815301076,1909f56bfc062723c751e8b465ee728b)
Start importing Assets/Tower Defense Level Kit/Tower Defense Level Kit/Origin/Meshes/Props/Stone/Pavement02.FBX using Guid(09cfb490763712941b7cca4ca9574024) Importer(815301076,1909f56bfc062723c751e8b465ee728b)  -> (artifact id: '21f43b2a65ee2027f2f424c75c45f95d') in 0.019006 seconds 
========================================================================
Received Import Request.
  Time since last request: 49.115346 seconds.
  path: Assets/Tower Defense Level Kit/Tower Defense Level Kit/Origin/Meshes/Weapons
  artifactKey: Guid(a12c4f372c1c5a9478c22ea4714dded3) Importer(815301076,1909f56bfc062723c751e8b465ee728b)
Start importing Assets/Tower Defense Level Kit/Tower Defense Level Kit/Origin/Meshes/Weapons using Guid(a12c4f372c1c5a9478c22ea4714dded3) Importer(815301076,1909f56bfc062723c751e8b465ee728b)  -> (artifact id: '65d305f7a8830ab7dc97e2199085aef7') in 0.001568 seconds 
========================================================================
Received Import Request.
  Time since last request: 12.327048 seconds.
  path: Assets/Tower Defense Level Kit/Tower Defense Level Kit/Origin/Meshes/Weapons/Animation
  artifactKey: Guid(35fa19b246b144f4bb6d5d8712cc645f) Importer(815301076,1909f56bfc062723c751e8b465ee728b)
Start importing Assets/Tower Defense Level Kit/Tower Defense Level Kit/Origin/Meshes/Weapons/Animation using Guid(35fa19b246b144f4bb6d5d8712cc645f) Importer(815301076,1909f56bfc062723c751e8b465ee728b)  -> (artifact id: '273f7732ae893c115cafa754b242c319') in 0.007158 seconds 
========================================================================
Received Import Request.
  Time since last request: 1.156654 seconds.
  path: Assets/Tower Defense Level Kit/Tower Defense Level Kit/Origin/Meshes/Weapons/Animation/Crystal.anim
  artifactKey: Guid(826db3c39171b9a4783d0fefa09d33cb) Importer(815301076,1909f56bfc062723c751e8b465ee728b)
Start importing Assets/Tower Defense Level Kit/Tower Defense Level Kit/Origin/Meshes/Weapons/Animation/Crystal.anim using Guid(826db3c39171b9a4783d0fefa09d33cb) Importer(815301076,1909f56bfc062723c751e8b465ee728b)  -> (artifact id: 'e8aae69c08f902f8db39f8204ec2876e') in 0.009010 seconds 
========================================================================
Received Import Request.
  Time since last request: 2.210368 seconds.
  path: Assets/Tower Defense Level Kit/Tower Defense Level Kit/Origin/Meshes/Weapons/Animation/Crystal.controller
  artifactKey: Guid(dbe2e33b6684ad14a9876d92c55f78ac) Importer(815301076,1909f56bfc062723c751e8b465ee728b)
Start importing Assets/Tower Defense Level Kit/Tower Defense Level Kit/Origin/Meshes/Weapons/Animation/Crystal.controller using Guid(dbe2e33b6684ad14a9876d92c55f78ac) Importer(815301076,1909f56bfc062723c751e8b465ee728b)  -> (artifact id: '74ff80fd67456673597563c1d043a789') in 0.006132 seconds 
========================================================================
Received Import Request.
  Time since last request: 2.034571 seconds.
  path: Assets/Tower Defense Level Kit/Tower Defense Level Kit/Origin/Meshes/Weapons/Materials
  artifactKey: Guid(170edf9f2646f1b4c815c27b9422ee5a) Importer(815301076,1909f56bfc062723c751e8b465ee728b)
Start importing Assets/Tower Defense Level Kit/Tower Defense Level Kit/Origin/Meshes/Weapons/Materials using Guid(170edf9f2646f1b4c815c27b9422ee5a) Importer(815301076,1909f56bfc062723c751e8b465ee728b)  -> (artifact id: 'ec43e6289251801daa7e7b11c25ef46d') in 0.007290 seconds 
========================================================================
Received Import Request.
  Time since last request: 2.232264 seconds.
  path: Assets/Tower Defense Level Kit/Tower Defense Level Kit/Origin/Meshes/Weapons/Textures/CrossBow.png
  artifactKey: Guid(6679eb160be36dd41944f089a0b4ee12) Importer(815301076,1909f56bfc062723c751e8b465ee728b)
Start importing Assets/Tower Defense Level Kit/Tower Defense Level Kit/Origin/Meshes/Weapons/Textures/CrossBow.png using Guid(6679eb160be36dd41944f089a0b4ee12) Importer(815301076,1909f56bfc062723c751e8b465ee728b)  -> (artifact id: '343223e69133afb9e1967453a04c3d71') in 0.011870 seconds 
========================================================================
Received Import Request.
  Time since last request: 0.420427 seconds.
  path: Assets/Tower Defense Level Kit/Tower Defense Level Kit/Origin/Meshes/Weapons/Textures/Hammer.png
  artifactKey: Guid(9254c91d72d59b14ea7adf17522d4767) Importer(815301076,1909f56bfc062723c751e8b465ee728b)
Start importing Assets/Tower Defense Level Kit/Tower Defense Level Kit/Origin/Meshes/Weapons/Textures/Hammer.png using Guid(9254c91d72d59b14ea7adf17522d4767) Importer(815301076,1909f56bfc062723c751e8b465ee728b)  -> (artifact id: '41183cd7d81970fbc7afdefd3b85b018') in 0.013922 seconds 
========================================================================
Received Import Request.
  Time since last request: 0.661913 seconds.
  path: Assets/Tower Defense Level Kit/Tower Defense Level Kit/Origin/Meshes/Weapons/Textures/Projector.png
  artifactKey: Guid(267f50720931330488dbc4ed0906c396) Importer(815301076,1909f56bfc062723c751e8b465ee728b)
Start importing Assets/Tower Defense Level Kit/Tower Defense Level Kit/Origin/Meshes/Weapons/Textures/Projector.png using Guid(267f50720931330488dbc4ed0906c396) Importer(815301076,1909f56bfc062723c751e8b465ee728b)  -> (artifact id: '54c4f4120edc7cea8eb9a0e744b0f9fb') in 0.016389 seconds 
========================================================================
Received Import Request.
  Time since last request: 1.142417 seconds.
  path: Assets/Tower Defense Level Kit/Tower Defense Level Kit/Origin/Meshes/Weapons/Textures/TeslaCoil.png
  artifactKey: Guid(4f5f5164b1425fb4c8da6caf6c4e52f8) Importer(815301076,1909f56bfc062723c751e8b465ee728b)
Start importing Assets/Tower Defense Level Kit/Tower Defense Level Kit/Origin/Meshes/Weapons/Textures/TeslaCoil.png using Guid(4f5f5164b1425fb4c8da6caf6c4e52f8) Importer(815301076,1909f56bfc062723c751e8b465ee728b)  -> (artifact id: 'd1d62b44e3b022ce5a486921cdee0800') in 0.012306 seconds 
========================================================================
Received Import Request.
  Time since last request: 2.822966 seconds.
  path: Assets/Tower Defense Level Kit/Tower Defense Level Kit/Origin/Meshes/Weapons/Textures
  artifactKey: Guid(45b7386c05613ea488f7a59e9b21b0a6) Importer(815301076,1909f56bfc062723c751e8b465ee728b)
Start importing Assets/Tower Defense Level Kit/Tower Defense Level Kit/Origin/Meshes/Weapons/Textures using Guid(45b7386c05613ea488f7a59e9b21b0a6) Importer(815301076,1909f56bfc062723c751e8b465ee728b)  -> (artifact id: '068771bc39a22c5e52b4cee86aaea5a0') in 0.001744 seconds 
========================================================================
Received Import Request.
  Time since last request: 2.251886 seconds.
  path: Assets/Tower Defense Level Kit/Tower Defense Level Kit/Origin/Meshes/Weapons/Textures/Crystal.png
  artifactKey: Guid(d8701e4fc6897a54f98a74b8272d0cad) Importer(815301076,1909f56bfc062723c751e8b465ee728b)
Start importing Assets/Tower Defense Level Kit/Tower Defense Level Kit/Origin/Meshes/Weapons/Textures/Crystal.png using Guid(d8701e4fc6897a54f98a74b8272d0cad) Importer(815301076,1909f56bfc062723c751e8b465ee728b)  -> (artifact id: '4b382c1d91f53f818f0f3f825aab1be6') in 0.011577 seconds 
========================================================================
Received Import Request.
  Time since last request: 0.974446 seconds.
  path: Assets/Tower Defense Level Kit/Tower Defense Level Kit/Origin/Meshes/Weapons/Textures/Launcher.png
  artifactKey: Guid(cc69bb69f9c0461458a920eb7b9d046a) Importer(815301076,1909f56bfc062723c751e8b465ee728b)
Start importing Assets/Tower Defense Level Kit/Tower Defense Level Kit/Origin/Meshes/Weapons/Textures/Launcher.png using Guid(cc69bb69f9c0461458a920eb7b9d046a) Importer(815301076,1909f56bfc062723c751e8b465ee728b)  -> (artifact id: 'ef79b22710e69f2677274fe1a09a258d') in 0.013269 seconds 
========================================================================
Received Import Request.
  Time since last request: 7.284357 seconds.
  path: Assets/Tower Defense Level Kit/Tower Defense Level Kit/Origin/Meshes/Weapons/Mortar_L1.FBX
  artifactKey: Guid(3a5fdba25d6bbc94a9b10163578b2959) Importer(815301076,1909f56bfc062723c751e8b465ee728b)
Start importing Assets/Tower Defense Level Kit/Tower Defense Level Kit/Origin/Meshes/Weapons/Mortar_L1.FBX using Guid(3a5fdba25d6bbc94a9b10163578b2959) Importer(815301076,1909f56bfc062723c751e8b465ee728b)  -> (artifact id: '2cf8d6f1ff65237327c79ff45c2329fd') in 0.033654 seconds 
========================================================================
Received Import Request.
  Time since last request: 0.665425 seconds.
  path: Assets/Tower Defense Level Kit/Tower Defense Level Kit/Origin/Meshes/Weapons/Mortar_L2.FBX
  artifactKey: Guid(c98d873d6926fb448b236e705bb029a8) Importer(815301076,1909f56bfc062723c751e8b465ee728b)
Start importing Assets/Tower Defense Level Kit/Tower Defense Level Kit/Origin/Meshes/Weapons/Mortar_L2.FBX using Guid(c98d873d6926fb448b236e705bb029a8) Importer(815301076,1909f56bfc062723c751e8b465ee728b)  -> (artifact id: '64311f6668867b130c904033fa9f8cdc') in 0.035601 seconds 
========================================================================
Received Import Request.
  Time since last request: 0.315045 seconds.
  path: Assets/Tower Defense Level Kit/Tower Defense Level Kit/Origin/Meshes/Weapons/Mortar_L3.FBX
  artifactKey: Guid(d32c388376befbd4186c2f2e6042897e) Importer(815301076,1909f56bfc062723c751e8b465ee728b)
Start importing Assets/Tower Defense Level Kit/Tower Defense Level Kit/Origin/Meshes/Weapons/Mortar_L3.FBX using Guid(d32c388376befbd4186c2f2e6042897e) Importer(815301076,1909f56bfc062723c751e8b465ee728b)  -> (artifact id: 'bfd6e5f8af61afe18845b7a83139048d') in 0.039034 seconds 
========================================================================
Received Import Request.
  Time since last request: 23.246127 seconds.
  path: Assets/Tower Defense Level Kit/Tower Defense Level Kit/Origin/2D&Effect/Particles
  artifactKey: Guid(04c88e2e0bbda994b9fd9de869168b1f) Importer(815301076,1909f56bfc062723c751e8b465ee728b)
Start importing Assets/Tower Defense Level Kit/Tower Defense Level Kit/Origin/2D&Effect/Particles using Guid(04c88e2e0bbda994b9fd9de869168b1f) Importer(815301076,1909f56bfc062723c751e8b465ee728b)  -> (artifact id: 'f3753b6332bb51a9eb33e79f2f764230') in 0.001761 seconds 
========================================================================
Received Import Request.
  Time since last request: 1.194594 seconds.
  path: Assets/Tower Defense Level Kit/Tower Defense Level Kit/Origin/2D&Effect/Particles/Materials
  artifactKey: Guid(47819901534099e4b8d2ed48115d7bc9) Importer(815301076,1909f56bfc062723c751e8b465ee728b)
Start importing Assets/Tower Defense Level Kit/Tower Defense Level Kit/Origin/2D&Effect/Particles/Materials using Guid(47819901534099e4b8d2ed48115d7bc9) Importer(815301076,1909f56bfc062723c751e8b465ee728b)  -> (artifact id: 'fd6609a46dbb0f20e1a0e80cccdcefb3') in 0.001961 seconds 
========================================================================
Received Import Request.
  Time since last request: 9.640534 seconds.
  path: Assets/Tower Defense Level Kit/Tower Defense Level Kit/Origin/2D&Effect/Particles/Textures
  artifactKey: Guid(a2e6c251f5e0701419b5ad0fe4ce0f9c) Importer(815301076,1909f56bfc062723c751e8b465ee728b)
Start importing Assets/Tower Defense Level Kit/Tower Defense Level Kit/Origin/2D&Effect/Particles/Textures using Guid(a2e6c251f5e0701419b5ad0fe4ce0f9c) Importer(815301076,1909f56bfc062723c751e8b465ee728b)  -> (artifact id: '37244739b6413123b3697b6bde31e88f') in 0.008305 seconds 
========================================================================
Received Import Request.
  Time since last request: 1.523106 seconds.
  path: Assets/Tower Defense Level Kit/Tower Defense Level Kit/Origin/2D&Effect/Particles/Textures/Fire.png
  artifactKey: Guid(19a1ea327bd2bb94e84e7babadbd58d1) Importer(815301076,1909f56bfc062723c751e8b465ee728b)
Start importing Assets/Tower Defense Level Kit/Tower Defense Level Kit/Origin/2D&Effect/Particles/Textures/Fire.png using Guid(19a1ea327bd2bb94e84e7babadbd58d1) Importer(815301076,1909f56bfc062723c751e8b465ee728b)  -> (artifact id: '7dd2abe2739c975012c9d1163c31e502') in 0.030126 seconds 
========================================================================
Received Import Request.
  Time since last request: 3.123724 seconds.
  path: Assets/Tower Defense Level Kit/Tower Defense Level Kit/Origin/2D&Effect/Particles/Textures/Lightning01.png
  artifactKey: Guid(ef5f7950ec5dbc24e89c29ca66062616) Importer(815301076,1909f56bfc062723c751e8b465ee728b)
Start importing Assets/Tower Defense Level Kit/Tower Defense Level Kit/Origin/2D&Effect/Particles/Textures/Lightning01.png using Guid(ef5f7950ec5dbc24e89c29ca66062616) Importer(815301076,1909f56bfc062723c751e8b465ee728b)  -> (artifact id: 'e734e615b074877fdfe0ab5cd98f1279') in 0.012250 seconds 
========================================================================
Received Import Request.
  Time since last request: 0.703742 seconds.
  path: Assets/Tower Defense Level Kit/Tower Defense Level Kit/Origin/2D&Effect/Particles/Textures/Smoke.png
  artifactKey: Guid(9b6c5861043de814e896dfdcb6d83e59) Importer(815301076,1909f56bfc062723c751e8b465ee728b)
Start importing Assets/Tower Defense Level Kit/Tower Defense Level Kit/Origin/2D&Effect/Particles/Textures/Smoke.png using Guid(9b6c5861043de814e896dfdcb6d83e59) Importer(815301076,1909f56bfc062723c751e8b465ee728b)  -> (artifact id: '85d2ae29ffba347cc2372a5a8157863b') in 0.013345 seconds 
========================================================================
Received Import Request.
  Time since last request: 0.456552 seconds.
  path: Assets/Tower Defense Level Kit/Tower Defense Level Kit/Origin/2D&Effect/Particles/Textures/Smoke02.png
  artifactKey: Guid(4b5f170a629755842985e1dc39fa9fc0) Importer(815301076,1909f56bfc062723c751e8b465ee728b)
Start importing Assets/Tower Defense Level Kit/Tower Defense Level Kit/Origin/2D&Effect/Particles/Textures/Smoke02.png using Guid(4b5f170a629755842985e1dc39fa9fc0) Importer(815301076,1909f56bfc062723c751e8b465ee728b)  -> (artifact id: 'da41a2787ee2874165e649cefde8d00f') in 0.012884 seconds 
========================================================================
Received Import Request.
  Time since last request: 1.389351 seconds.
  path: Assets/Tower Defense Level Kit/Tower Defense Level Kit/Origin/2D&Effect/Particles/Textures/Sparkles01.png
  artifactKey: Guid(079273b0835f6dd44bb1890f882fe686) Importer(815301076,1909f56bfc062723c751e8b465ee728b)
Start importing Assets/Tower Defense Level Kit/Tower Defense Level Kit/Origin/2D&Effect/Particles/Textures/Sparkles01.png using Guid(079273b0835f6dd44bb1890f882fe686) Importer(815301076,1909f56bfc062723c751e8b465ee728b)  -> (artifact id: '5914409c1bb184c39d982495be344c79') in 0.012635 seconds 
========================================================================
Received Import Request.
  Time since last request: 129.136341 seconds.
  path: Assets/Tower Defense Level Kit/Tower Defense Level Kit/Origin/Meshes/Weapons/Crossbow_L1.FBX
  artifactKey: Guid(95a8502de94709d4488ce089142cfb24) Importer(815301076,1909f56bfc062723c751e8b465ee728b)
Start importing Assets/Tower Defense Level Kit/Tower Defense Level Kit/Origin/Meshes/Weapons/Crossbow_L1.FBX using Guid(95a8502de94709d4488ce089142cfb24) Importer(815301076,1909f56bfc062723c751e8b465ee728b)  -> (artifact id: '5ab9b04d4f2e86f94efb2c6744cfab8c') in 0.047356 seconds 
========================================================================
Received Import Request.
  Time since last request: 0.658543 seconds.
  path: Assets/Tower Defense Level Kit/Tower Defense Level Kit/Origin/Meshes/Weapons/Crossbow_L2.FBX
  artifactKey: Guid(741ca2f6030cb4648b50c64e79217411) Importer(815301076,1909f56bfc062723c751e8b465ee728b)
Start importing Assets/Tower Defense Level Kit/Tower Defense Level Kit/Origin/Meshes/Weapons/Crossbow_L2.FBX using Guid(741ca2f6030cb4648b50c64e79217411) Importer(815301076,1909f56bfc062723c751e8b465ee728b)  -> (artifact id: '8b98da9b01889ae1bfcaa7b301f97d62') in 0.034794 seconds 
========================================================================
Received Import Request.
  Time since last request: 0.322852 seconds.
  path: Assets/Tower Defense Level Kit/Tower Defense Level Kit/Origin/Meshes/Weapons/Crossbow_L3.FBX
  artifactKey: Guid(b20c1366e1498154d8da6745671b5115) Importer(815301076,1909f56bfc062723c751e8b465ee728b)
Start importing Assets/Tower Defense Level Kit/Tower Defense Level Kit/Origin/Meshes/Weapons/Crossbow_L3.FBX using Guid(b20c1366e1498154d8da6745671b5115) Importer(815301076,1909f56bfc062723c751e8b465ee728b)  -> (artifact id: '23bc9189c59bca1071b3152d313634aa') in 0.040557 seconds 
========================================================================
Received Import Request.
  Time since last request: 1.307451 seconds.
  path: Assets/Tower Defense Level Kit/Tower Defense Level Kit/Origin/Meshes/Weapons/Crystal.FBX
  artifactKey: Guid(0921e455950cb5b4d8db5526b59807b5) Importer(815301076,1909f56bfc062723c751e8b465ee728b)
Start importing Assets/Tower Defense Level Kit/Tower Defense Level Kit/Origin/Meshes/Weapons/Crystal.FBX using Guid(0921e455950cb5b4d8db5526b59807b5) Importer(815301076,1909f56bfc062723c751e8b465ee728b)  -> (artifact id: 'af5f3a6a1da17eab55d1d50b62835b44') in 0.032058 seconds 
========================================================================
Received Import Request.
  Time since last request: 1.689094 seconds.
  path: Assets/Tower Defense Level Kit/Tower Defense Level Kit/Origin/Meshes/Weapons/Crystal_Base_L1.FBX
  artifactKey: Guid(f65e5d9c1bc1c614196c4ff0b1b2c380) Importer(815301076,1909f56bfc062723c751e8b465ee728b)
Start importing Assets/Tower Defense Level Kit/Tower Defense Level Kit/Origin/Meshes/Weapons/Crystal_Base_L1.FBX using Guid(f65e5d9c1bc1c614196c4ff0b1b2c380) Importer(815301076,1909f56bfc062723c751e8b465ee728b)  -> (artifact id: 'a2824627617378b12c69b8fa48789178') in 0.022803 seconds 
========================================================================
Received Import Request.
  Time since last request: 0.404259 seconds.
  path: Assets/Tower Defense Level Kit/Tower Defense Level Kit/Origin/Meshes/Weapons/Crystal_Base_L2.FBX
  artifactKey: Guid(04ad75b8f7a745d41b2f0e59fdbb47f4) Importer(815301076,1909f56bfc062723c751e8b465ee728b)
Start importing Assets/Tower Defense Level Kit/Tower Defense Level Kit/Origin/Meshes/Weapons/Crystal_Base_L2.FBX using Guid(04ad75b8f7a745d41b2f0e59fdbb47f4) Importer(815301076,1909f56bfc062723c751e8b465ee728b)  -> (artifact id: '181dce85836f947e521999b162b3f6ae') in 0.020751 seconds 
========================================================================
Received Import Request.
  Time since last request: 0.144118 seconds.
  path: Assets/Tower Defense Level Kit/Tower Defense Level Kit/Origin/Meshes/Weapons/Crystal_Base_L3.FBX
  artifactKey: Guid(cefa80cc468ff4e4c9360b3d26cb4c14) Importer(815301076,1909f56bfc062723c751e8b465ee728b)
Start importing Assets/Tower Defense Level Kit/Tower Defense Level Kit/Origin/Meshes/Weapons/Crystal_Base_L3.FBX using Guid(cefa80cc468ff4e4c9360b3d26cb4c14) Importer(815301076,1909f56bfc062723c751e8b465ee728b)  -> (artifact id: '29327ff4b7702519242e5c54c2636ce5') in 0.019825 seconds 
========================================================================
Received Import Request.
  Time since last request: 0.155946 seconds.
  path: Assets/Tower Defense Level Kit/Tower Defense Level Kit/Origin/Meshes/Weapons/Hammer_L1.FBX
  artifactKey: Guid(5eba7bf2fa27b1e468cc12de9606db8c) Importer(815301076,1909f56bfc062723c751e8b465ee728b)
Start importing Assets/Tower Defense Level Kit/Tower Defense Level Kit/Origin/Meshes/Weapons/Hammer_L1.FBX using Guid(5eba7bf2fa27b1e468cc12de9606db8c) Importer(815301076,1909f56bfc062723c751e8b465ee728b)  -> (artifact id: '885c557495b097177aead506b1a2ad1d') in 0.042624 seconds 
========================================================================
Received Import Request.
  Time since last request: 0.149343 seconds.
  path: Assets/Tower Defense Level Kit/Tower Defense Level Kit/Origin/Meshes/Weapons/Hammer_L2.FBX
  artifactKey: Guid(0320ef1d5bac609479ac5a8f59d7e764) Importer(815301076,1909f56bfc062723c751e8b465ee728b)
Start importing Assets/Tower Defense Level Kit/Tower Defense Level Kit/Origin/Meshes/Weapons/Hammer_L2.FBX using Guid(0320ef1d5bac609479ac5a8f59d7e764) Importer(815301076,1909f56bfc062723c751e8b465ee728b)  -> (artifact id: 'c475e5f7ec67c26533769d142c374d63') in 0.037809 seconds 
========================================================================
Received Import Request.
  Time since last request: 0.160342 seconds.
  path: Assets/Tower Defense Level Kit/Tower Defense Level Kit/Origin/Meshes/Weapons/Hammer_L3.FBX
  artifactKey: Guid(e66d121c25895554289f4f2ba1743d64) Importer(815301076,1909f56bfc062723c751e8b465ee728b)
Start importing Assets/Tower Defense Level Kit/Tower Defense Level Kit/Origin/Meshes/Weapons/Hammer_L3.FBX using Guid(e66d121c25895554289f4f2ba1743d64) Importer(815301076,1909f56bfc062723c751e8b465ee728b)  -> (artifact id: '6e5e20224146f817caf58d8248012a8d') in 0.037210 seconds 
========================================================================
Received Import Request.
  Time since last request: 5.276442 seconds.
  path: Assets/Tower Defense Level Kit/Tower Defense Level Kit/Origin/Meshes/Weapons/Launcher_L1.FBX
  artifactKey: Guid(d865fc6707615144bbe19a064abdd04c) Importer(815301076,1909f56bfc062723c751e8b465ee728b)
Start importing Assets/Tower Defense Level Kit/Tower Defense Level Kit/Origin/Meshes/Weapons/Launcher_L1.FBX using Guid(d865fc6707615144bbe19a064abdd04c) Importer(815301076,1909f56bfc062723c751e8b465ee728b)  -> (artifact id: '8c7f9cbe5cbaa919a14802b3acdb52ef') in 0.042979 seconds 
========================================================================
Received Import Request.
  Time since last request: 0.099411 seconds.
  path: Assets/Tower Defense Level Kit/Tower Defense Level Kit/Origin/Meshes/Weapons/Launcher_L2.FBX
  artifactKey: Guid(1974717182b16c74da42bb0d4fa479d8) Importer(815301076,1909f56bfc062723c751e8b465ee728b)
Start importing Assets/Tower Defense Level Kit/Tower Defense Level Kit/Origin/Meshes/Weapons/Launcher_L2.FBX using Guid(1974717182b16c74da42bb0d4fa479d8) Importer(815301076,1909f56bfc062723c751e8b465ee728b)  -> (artifact id: 'f9cb17b67efce8bf22a1009f722e7343') in 0.041804 seconds 
========================================================================
Received Import Request.
  Time since last request: 0.120433 seconds.
  path: Assets/Tower Defense Level Kit/Tower Defense Level Kit/Origin/Meshes/Weapons/Launcher_L3.FBX
  artifactKey: Guid(f9598ab2463105a4aa7350271975dd4c) Importer(815301076,1909f56bfc062723c751e8b465ee728b)
Start importing Assets/Tower Defense Level Kit/Tower Defense Level Kit/Origin/Meshes/Weapons/Launcher_L3.FBX using Guid(f9598ab2463105a4aa7350271975dd4c) Importer(815301076,1909f56bfc062723c751e8b465ee728b)  -> (artifact id: '56ffa94ba5d76adfeb8f2daa07a5aede') in 0.035038 seconds 
========================================================================
Received Import Request.
  Time since last request: 0.113989 seconds.
  path: Assets/Tower Defense Level Kit/Tower Defense Level Kit/Origin/Meshes/Weapons/Launcher_Projectile.FBX
  artifactKey: Guid(7575bd4c0dc2bec4e8c9c90fb0f6aa75) Importer(815301076,1909f56bfc062723c751e8b465ee728b)
Start importing Assets/Tower Defense Level Kit/Tower Defense Level Kit/Origin/Meshes/Weapons/Launcher_Projectile.FBX using Guid(7575bd4c0dc2bec4e8c9c90fb0f6aa75) Importer(815301076,1909f56bfc062723c751e8b465ee728b)  -> (artifact id: '03946a33baf95126a44bffc525a3d1bf') in 0.025248 seconds 
========================================================================
Received Import Request.
  Time since last request: 0.144336 seconds.
  path: Assets/Tower Defense Level Kit/Tower Defense Level Kit/Origin/Meshes/Weapons/Launcher_WithOut_Weapon_L1.FBX
  artifactKey: Guid(d91e461d7029ed84e9d7a275b8159817) Importer(815301076,1909f56bfc062723c751e8b465ee728b)
Start importing Assets/Tower Defense Level Kit/Tower Defense Level Kit/Origin/Meshes/Weapons/Launcher_WithOut_Weapon_L1.FBX using Guid(d91e461d7029ed84e9d7a275b8159817) Importer(815301076,1909f56bfc062723c751e8b465ee728b)  -> (artifact id: '14ae69816b1c6e2233806799302b0a37') in 0.033759 seconds 
========================================================================
Received Import Request.
  Time since last request: 7.164355 seconds.
  path: Assets/Tower Defense Level Kit/Tower Defense Level Kit/Origin/Meshes/Weapons/Launcher_WithOut_Weapon_L2.FBX
  artifactKey: Guid(1328d21d8568a3148922705a3a649037) Importer(815301076,1909f56bfc062723c751e8b465ee728b)
Start importing Assets/Tower Defense Level Kit/Tower Defense Level Kit/Origin/Meshes/Weapons/Launcher_WithOut_Weapon_L2.FBX using Guid(1328d21d8568a3148922705a3a649037) Importer(815301076,1909f56bfc062723c751e8b465ee728b)  -> (artifact id: 'b04c9f1c8bbc83061e02da011b0c0c08') in 0.035162 seconds 
========================================================================
Received Import Request.
  Time since last request: 1.615194 seconds.
  path: Assets/Tower Defense Level Kit/Tower Defense Level Kit/Origin/Meshes/Weapons/Launcher_WithOut_Weapon_L3.FBX
  artifactKey: Guid(480aeb668264943449cee1a05ab0f895) Importer(815301076,1909f56bfc062723c751e8b465ee728b)
Start importing Assets/Tower Defense Level Kit/Tower Defense Level Kit/Origin/Meshes/Weapons/Launcher_WithOut_Weapon_L3.FBX using Guid(480aeb668264943449cee1a05ab0f895) Importer(815301076,1909f56bfc062723c751e8b465ee728b)  -> (artifact id: 'a228cc3dbd14383d435fb790efcbd0f8') in 0.037179 seconds 
========================================================================
Received Import Request.
  Time since last request: 2.085239 seconds.
  path: Assets/Tower Defense Level Kit/Tower Defense Level Kit/Origin/Meshes/Weapons/Projector_L1.FBX
  artifactKey: Guid(b8f0fd6ef22a0b94d8d9a94dc098eec0) Importer(815301076,1909f56bfc062723c751e8b465ee728b)
Start importing Assets/Tower Defense Level Kit/Tower Defense Level Kit/Origin/Meshes/Weapons/Projector_L1.FBX using Guid(b8f0fd6ef22a0b94d8d9a94dc098eec0) Importer(815301076,1909f56bfc062723c751e8b465ee728b)  -> (artifact id: '0a05ea8e2fd63f2e68cbf48ce88580a3') in 0.051933 seconds 
========================================================================
Received Import Request.
  Time since last request: 0.119017 seconds.
  path: Assets/Tower Defense Level Kit/Tower Defense Level Kit/Origin/Meshes/Weapons/Projector_L2.FBX
  artifactKey: Guid(368edae439a7fe640a52691801016ea1) Importer(815301076,1909f56bfc062723c751e8b465ee728b)
Start importing Assets/Tower Defense Level Kit/Tower Defense Level Kit/Origin/Meshes/Weapons/Projector_L2.FBX using Guid(368edae439a7fe640a52691801016ea1) Importer(815301076,1909f56bfc062723c751e8b465ee728b)  -> (artifact id: '86d95f42a79f9e0522061baee0054d16') in 0.045171 seconds 
========================================================================
Received Import Request.
  Time since last request: 0.346106 seconds.
  path: Assets/Tower Defense Level Kit/Tower Defense Level Kit/Origin/Meshes/Weapons/Projector_L3.FBX
  artifactKey: Guid(39e27aec3c792804397c30f0bd404a70) Importer(815301076,1909f56bfc062723c751e8b465ee728b)
Start importing Assets/Tower Defense Level Kit/Tower Defense Level Kit/Origin/Meshes/Weapons/Projector_L3.FBX using Guid(39e27aec3c792804397c30f0bd404a70) Importer(815301076,1909f56bfc062723c751e8b465ee728b)  -> (artifact id: 'ef04cc168a1548b1fef8ccc07c0e6dbd') in 0.045423 seconds 
========================================================================
Received Import Request.
  Time since last request: 0.122580 seconds.
  path: Assets/Tower Defense Level Kit/Tower Defense Level Kit/Origin/Meshes/Weapons/Tesla_L1.FBX
  artifactKey: Guid(986b99c01d70c8a44990c90b08679602) Importer(815301076,1909f56bfc062723c751e8b465ee728b)
Start importing Assets/Tower Defense Level Kit/Tower Defense Level Kit/Origin/Meshes/Weapons/Tesla_L1.FBX using Guid(986b99c01d70c8a44990c90b08679602) Importer(815301076,1909f56bfc062723c751e8b465ee728b)  -> (artifact id: '7b26bbb911a13e38b245eeaede142bd1') in 0.027656 seconds 
========================================================================
Received Import Request.
  Time since last request: 0.139953 seconds.
  path: Assets/Tower Defense Level Kit/Tower Defense Level Kit/Origin/Meshes/Weapons/Tesla_L2.FBX
  artifactKey: Guid(5027cdda3f7c89c48add58dba32f7b88) Importer(815301076,1909f56bfc062723c751e8b465ee728b)
Start importing Assets/Tower Defense Level Kit/Tower Defense Level Kit/Origin/Meshes/Weapons/Tesla_L2.FBX using Guid(5027cdda3f7c89c48add58dba32f7b88) Importer(815301076,1909f56bfc062723c751e8b465ee728b)  -> (artifact id: '2d22153250380e6fc676d18d5e8b6093') in 0.020060 seconds 
========================================================================
Received Import Request.
  Time since last request: 0.155893 seconds.
  path: Assets/Tower Defense Level Kit/Tower Defense Level Kit/Origin/Meshes/Weapons/Tesla_L3.FBX
  artifactKey: Guid(8f1e30ab67cc0184495a3b7243aa176b) Importer(815301076,1909f56bfc062723c751e8b465ee728b)
Start importing Assets/Tower Defense Level Kit/Tower Defense Level Kit/Origin/Meshes/Weapons/Tesla_L3.FBX using Guid(8f1e30ab67cc0184495a3b7243aa176b) Importer(815301076,1909f56bfc062723c751e8b465ee728b)  -> (artifact id: '3b4aeddd1294eb34529153af6335f66e') in 0.018449 seconds 
========================================================================
Received Import Request.
  Time since last request: 7.295465 seconds.
  path: Assets/Tower Defense Level Kit/Tower Defense Level Kit/Origin/Meshes/Weapons/Cannon_L3.FBX
  artifactKey: Guid(ec302cfa7233a7c44aab508d1c67c924) Importer(815301076,1909f56bfc062723c751e8b465ee728b)
Start importing Assets/Tower Defense Level Kit/Tower Defense Level Kit/Origin/Meshes/Weapons/Cannon_L3.FBX using Guid(ec302cfa7233a7c44aab508d1c67c924) Importer(815301076,1909f56bfc062723c751e8b465ee728b)  -> (artifact id: '961492f07939453740c743e602106108') in 0.046127 seconds 
========================================================================
Received Import Request.
  Time since last request: 0.129092 seconds.
  path: Assets/Tower Defense Level Kit/Tower Defense Level Kit/Origin/Meshes/Weapons/Cannon_L2.FBX
  artifactKey: Guid(f95edde09d0ad8d43bff1eb730e34bb8) Importer(815301076,1909f56bfc062723c751e8b465ee728b)
Start importing Assets/Tower Defense Level Kit/Tower Defense Level Kit/Origin/Meshes/Weapons/Cannon_L2.FBX using Guid(f95edde09d0ad8d43bff1eb730e34bb8) Importer(815301076,1909f56bfc062723c751e8b465ee728b)  -> (artifact id: '37e905f2236e793b4566d0f7b84dc19a') in 0.036705 seconds 
========================================================================
Received Import Request.
  Time since last request: 0.143337 seconds.
  path: Assets/Tower Defense Level Kit/Tower Defense Level Kit/Origin/Meshes/Weapons/Cannon_L1.FBX
  artifactKey: Guid(d7c189c6d94472748b1f2032b8910a37) Importer(815301076,1909f56bfc062723c751e8b465ee728b)
Start importing Assets/Tower Defense Level Kit/Tower Defense Level Kit/Origin/Meshes/Weapons/Cannon_L1.FBX using Guid(d7c189c6d94472748b1f2032b8910a37) Importer(815301076,1909f56bfc062723c751e8b465ee728b)  -> (artifact id: '75675b783bbfcd208e5c2c1db1525587') in 0.038142 seconds 
========================================================================
Received Import Request.
  Time since last request: 86.188827 seconds.
  path: Assets/Tower Defense Level Kit/Tower Defense Level Kit/Demo/PrefabScene
  artifactKey: Guid(bc81de907dede124ebf9b9007d890427) Importer(815301076,1909f56bfc062723c751e8b465ee728b)
Start importing Assets/Tower Defense Level Kit/Tower Defense Level Kit/Demo/PrefabScene using Guid(bc81de907dede124ebf9b9007d890427) Importer(815301076,1909f56bfc062723c751e8b465ee728b)  -> (artifact id: '02619f1835619ab5949bc0b8d94308bd') in 0.007646 seconds 
========================================================================
Received Import Request.
  Time since last request: 3.063108 seconds.
  path: Assets/Tower Defense Level Kit/Tower Defense Level Kit/Demo/PrefabScene/Prefab_Props.unity
  artifactKey: Guid(79d61eae2fb8003448a23e04b92a0df8) Importer(815301076,1909f56bfc062723c751e8b465ee728b)
Start importing Assets/Tower Defense Level Kit/Tower Defense Level Kit/Demo/PrefabScene/Prefab_Props.unity using Guid(79d61eae2fb8003448a23e04b92a0df8) Importer(815301076,1909f56bfc062723c751e8b465ee728b)  -> (artifact id: 'bf9b24ed5b25936fe3e3d377d3434d90') in 0.007586 seconds 
========================================================================
Received Import Request.
  Time since last request: 1.729016 seconds.
  path: Assets/Tower Defense Level Kit/Tower Defense Level Kit/Demo/PrefabScene/Prefab_Vegetation.unity
  artifactKey: Guid(6726e11137091e84e8457663dd2cae0c) Importer(815301076,1909f56bfc062723c751e8b465ee728b)
Start importing Assets/Tower Defense Level Kit/Tower Defense Level Kit/Demo/PrefabScene/Prefab_Vegetation.unity using Guid(6726e11137091e84e8457663dd2cae0c) Importer(815301076,1909f56bfc062723c751e8b465ee728b)  -> (artifact id: '65380f725b1769453d8885096b9dca17') in 0.008239 seconds 
========================================================================
Received Import Request.
  Time since last request: 0.607052 seconds.
  path: Assets/Tower Defense Level Kit/Tower Defense Level Kit/Demo/PrefabScene/Splatting.unity
  artifactKey: Guid(9da40c5ad995b7043837c9d27b98e6b1) Importer(815301076,1909f56bfc062723c751e8b465ee728b)
Start importing Assets/Tower Defense Level Kit/Tower Defense Level Kit/Demo/PrefabScene/Splatting.unity using Guid(9da40c5ad995b7043837c9d27b98e6b1) Importer(815301076,1909f56bfc062723c751e8b465ee728b)  -> (artifact id: '4f2a3f83ccf72c69123320e315738451') in 0.007691 seconds 
========================================================================
Received Prepare
Registering precompiled user dll's ...
Registered in 0.003242 seconds.
Begin MonoManager ReloadAssembly
Symbol file LoadedFromMemory doesn't match image F:\UnityGames\Wild-Horde-Defense\Wild-Horde-Defense\Library\PackageCache\com.unity.visualscripting@1.7.8\Editor\VisualScripting.Core\Dependencies\YamlDotNet\Unity.VisualScripting.YamlDotNet.dll
Symbol file LoadedFromMemory doesn't match image F:\UnityGames\Wild-Horde-Defense\Wild-Horde-Defense\Library\PackageCache\com.unity.visualscripting@1.7.8\Editor\VisualScripting.Core\Dependencies\DotNetZip\Unity.VisualScripting.IonicZip.dll
Native extension for WindowsStandalone target not found
Native extension for Android target not found
Native extension for WebGL target not found
Refreshing native plugins compatible for Editor in 0.63 ms, found 3 plugins.
Preloading 0 native plugins for Editor in 0.00 ms.
Mono: successfully reloaded assembly
- Completed reload, in  0.852 seconds
Domain Reload Profiling:
	ReloadAssembly (853ms)
		BeginReloadAssembly (107ms)
			ExecutionOrderSort (0ms)
			DisableScriptedObjects (3ms)
			BackupInstance (0ms)
			ReleaseScriptingObjects (0ms)
			CreateAndSetChildDomain (34ms)
		EndReloadAssembly (667ms)
			LoadAssemblies (63ms)
			RebuildTransferFunctionScriptingTraits (0ms)
			SetupTypeCache (227ms)
				TypeCache.Initialize (223ms)
					TypeCache.ScanAssembly (218ms)
				ResolveRequiredComponents (4ms)
			ReleaseScriptCaches (1ms)
			RebuildScriptCaches (35ms)
			SetupLoadedEditorAssemblies (285ms)
				LogAssemblyErrors (0ms)
				InitializePlatformSupportModulesInManaged (20ms)
				SetLoadedEditorAssemblies (6ms)
				RefreshPlugins (1ms)
				BeforeProcessingInitializeOnLoad (49ms)
				ProcessInitializeOnLoadAttributes (183ms)
				ProcessInitializeOnLoadMethodAttributes (23ms)
				AfterProcessingInitializeOnLoad (3ms)
				EditorAssembliesLoaded (0ms)
			ExecutionOrderSort2 (0ms)
			AwakeInstancesAfterBackupRestoration (9ms)
Platform modules already initialized, skipping
Refreshing native plugins compatible for Editor in 1.73 ms, found 3 plugins.
Preloading 0 native plugins for Editor in 0.00 ms.
Unloading 3441 Unused Serialized files (Serialized files now loaded: 0)
Unloading 19 unused Assets / (25.4 KB). Loaded Objects now: 4055.
Memory consumption went from 0.54 GB to 0.54 GB.
Total: 3.069700 ms (FindLiveObjects: 0.428000 ms CreateObjectMapping: 0.183100 ms MarkObjects: 2.406000 ms  DeleteObjects: 0.051400 ms)

AssetImportParameters requested are different than current active one (requested -> active):
  custom:video-decoder-ogg-theora: a1e56fd34408186e4bbccfd4996cb3dc -> 
  custom:container-muxer-webm: aa71ff27fc2769a1b78a27578f13a17b -> 
  custom:container-demuxer-webm: 4f35f7cbe854078d1ac9338744f61a02 -> 
  custom:video-encoder-webm-vp8: eb34c28f22e8b96e1ab97ce403110664 -> 
  custom:audio-encoder-webm-vorbis: bf7c407c2cedff20999df2af8eb42d56 -> 
  custom:framework-win-MediaFoundation: 216162199b28c13a410421893ffa2e32 -> 
  custom:container-demuxer-ogg: 62fdf1f143b41e24485cea50d1cbac27 -> 
  custom:video-decoder-webm-vp8: 9c59270c3fd7afecdb556c50c9e8de78 -> 
  custom:audio-decoder-ogg-vorbis: bf7c407c2cedff20999df2af8eb42d56 -> 
========================================================================
Received Import Request.
  Time since last request: 920.986835 seconds.
  path: Assets/Scenes
  artifactKey: Guid(c236a6af61a960a4d8cec1fe08950969) Importer(815301076,1909f56bfc062723c751e8b465ee728b)
Start importing Assets/Scenes using Guid(c236a6af61a960a4d8cec1fe08950969) Importer(815301076,1909f56bfc062723c751e8b465ee728b)  -> (artifact id: 'c1464402c6ac85e59b18495bc4da722e') in 0.008748 seconds 
========================================================================
Received Import Request.
  Time since last request: 0.714045 seconds.
  path: Assets/Scenes/SampleScene.unity
  artifactKey: Guid(9fc0d4010bbf28b4594072e72b8655ab) Importer(815301076,1909f56bfc062723c751e8b465ee728b)
Start importing Assets/Scenes/SampleScene.unity using Guid(9fc0d4010bbf28b4594072e72b8655ab) Importer(815301076,1909f56bfc062723c751e8b465ee728b)  -> (artifact id: 'e98bc34f6d56478892fd899ac98eae22') in 0.010160 seconds 
========================================================================
Received Import Request.
  Time since last request: 41.077692 seconds.
  path: Assets/Scenes/screenshot.unity
  artifactKey: Guid(91557fb8cb4837b4dbb50dc5635d8bd2) Importer(815301076,1909f56bfc062723c751e8b465ee728b)
Start importing Assets/Scenes/screenshot.unity using Guid(91557fb8cb4837b4dbb50dc5635d8bd2) Importer(815301076,1909f56bfc062723c751e8b465ee728b)  -> (artifact id: '43165136599ce69ad3e21aec1c636a6b') in 0.007904 seconds 
========================================================================
Received Import Request.
  Time since last request: 18.782587 seconds.
  path: Assets
  artifactKey: Guid(00000000000000001000000000000000) Importer(815301076,1909f56bfc062723c751e8b465ee728b)
Start importing Assets using Guid(00000000000000001000000000000000) Importer(815301076,1909f56bfc062723c751e8b465ee728b)  -> (artifact id: '6e8165099f8bfd50797b2ebe9f8b211b') in 0.007924 seconds 
========================================================================
Received Import Request.
  Time since last request: 7.340512 seconds.
  path: Assets/CustomPrefab
  artifactKey: Guid(14e1ac4f636d3f1429b0c1fba74cbd4b) Importer(815301076,1909f56bfc062723c751e8b465ee728b)
Start importing Assets/CustomPrefab using Guid(14e1ac4f636d3f1429b0c1fba74cbd4b) Importer(815301076,1909f56bfc062723c751e8b465ee728b)  -> (artifact id: 'a26d7829ce63d79cb3d729ed2657cdae') in 0.007683 seconds 
========================================================================
Received Import Request.
  Time since last request: 6.307587 seconds.
  path: Assets/CustomPrefab/Base (2).prefab
  artifactKey: Guid(aa4b61c89165c55479b52194f7199f44) Importer(815301076,1909f56bfc062723c751e8b465ee728b)
Start importing Assets/CustomPrefab/Base (2).prefab using Guid(aa4b61c89165c55479b52194f7199f44) Importer(815301076,1909f56bfc062723c751e8b465ee728b)  -> (artifact id: '9102fff2e7d22aaafc9c7f76f5d6a747') in 0.484248 seconds 
========================================================================
Received Import Request.
  Time since last request: 14.647182 seconds.
  path: Assets/CustomPrefab/TownHall.prefab
  artifactKey: Guid(aa4b61c89165c55479b52194f7199f44) Importer(815301076,1909f56bfc062723c751e8b465ee728b)
Start importing Assets/CustomPrefab/TownHall.prefab using Guid(aa4b61c89165c55479b52194f7199f44) Importer(815301076,1909f56bfc062723c751e8b465ee728b)  -> (artifact id: '2b89c430071d44b3c6ed98d2b7032ade') in 0.035715 seconds 
========================================================================
Received Import Request.
  Time since last request: 14.448419 seconds.
  path: Assets/CustomPrefab/TownHall.prefab
  artifactKey: Guid(aa4b61c89165c55479b52194f7199f44) Importer(815301076,1909f56bfc062723c751e8b465ee728b)
Start importing Assets/CustomPrefab/TownHall.prefab using Guid(aa4b61c89165c55479b52194f7199f44) Importer(815301076,1909f56bfc062723c751e8b465ee728b)  -> (artifact id: '54c6c5f1bcc139868e5045999e653e86') in 0.041749 seconds 
========================================================================
Received Import Request.
  Time since last request: 27.988959 seconds.
  path: Assets/Scenes/screenshot.unity
  artifactKey: Guid(91557fb8cb4837b4dbb50dc5635d8bd2) Importer(815301076,1909f56bfc062723c751e8b465ee728b)
Start importing Assets/Scenes/screenshot.unity using Guid(91557fb8cb4837b4dbb50dc5635d8bd2) Importer(815301076,1909f56bfc062723c751e8b465ee728b)  -> (artifact id: 'cd877d653379c7bffce9fe3b2e79283d') in 0.008638 seconds 
========================================================================
Received Prepare
Registering precompiled user dll's ...
Registered in 0.004017 seconds.
Begin MonoManager ReloadAssembly
Symbol file LoadedFromMemory doesn't match image F:\UnityGames\Wild-Horde-Defense\Wild-Horde-Defense\Library\PackageCache\com.unity.visualscripting@1.7.8\Editor\VisualScripting.Core\Dependencies\YamlDotNet\Unity.VisualScripting.YamlDotNet.dll
Symbol file LoadedFromMemory doesn't match image F:\UnityGames\Wild-Horde-Defense\Wild-Horde-Defense\Library\PackageCache\com.unity.visualscripting@1.7.8\Editor\VisualScripting.Core\Dependencies\DotNetZip\Unity.VisualScripting.IonicZip.dll
Native extension for WindowsStandalone target not found
Native extension for Android target not found
Native extension for WebGL target not found
Refreshing native plugins compatible for Editor in 0.89 ms, found 3 plugins.
Preloading 0 native plugins for Editor in 0.00 ms.
Mono: successfully reloaded assembly
- Completed reload, in  0.904 seconds
Domain Reload Profiling:
	ReloadAssembly (904ms)
		BeginReloadAssembly (109ms)
			ExecutionOrderSort (0ms)
			DisableScriptedObjects (4ms)
			BackupInstance (0ms)
			ReleaseScriptingObjects (0ms)
			CreateAndSetChildDomain (34ms)
		EndReloadAssembly (717ms)
			LoadAssemblies (64ms)
			RebuildTransferFunctionScriptingTraits (0ms)
			SetupTypeCache (254ms)
				TypeCache.Initialize (249ms)
					TypeCache.ScanAssembly (243ms)
				ResolveRequiredComponents (5ms)
			ReleaseScriptCaches (1ms)
			RebuildScriptCaches (42ms)
			SetupLoadedEditorAssemblies (300ms)
				LogAssemblyErrors (0ms)
				InitializePlatformSupportModulesInManaged (22ms)
				SetLoadedEditorAssemblies (7ms)
				RefreshPlugins (1ms)
				BeforeProcessingInitializeOnLoad (50ms)
				ProcessInitializeOnLoadAttributes (192ms)
				ProcessInitializeOnLoadMethodAttributes (25ms)
				AfterProcessingInitializeOnLoad (3ms)
				EditorAssembliesLoaded (0ms)
			ExecutionOrderSort2 (0ms)
			AwakeInstancesAfterBackupRestoration (9ms)
Platform modules already initialized, skipping
Refreshing native plugins compatible for Editor in 1.45 ms, found 3 plugins.
Preloading 0 native plugins for Editor in 0.00 ms.
Unloading 3450 Unused Serialized files (Serialized files now loaded: 0)
Unloading 20 unused Assets / (53.9 KB). Loaded Objects now: 4066.
Memory consumption went from 0.54 GB to 0.54 GB.
Total: 2.738000 ms (FindLiveObjects: 0.233400 ms CreateObjectMapping: 0.082100 ms MarkObjects: 2.347600 ms  DeleteObjects: 0.074100 ms)

AssetImportParameters requested are different than current active one (requested -> active):
  custom:video-decoder-ogg-theora: a1e56fd34408186e4bbccfd4996cb3dc -> 
  custom:container-muxer-webm: aa71ff27fc2769a1b78a27578f13a17b -> 
  custom:container-demuxer-webm: 4f35f7cbe854078d1ac9338744f61a02 -> 
  custom:video-encoder-webm-vp8: eb34c28f22e8b96e1ab97ce403110664 -> 
  custom:audio-encoder-webm-vorbis: bf7c407c2cedff20999df2af8eb42d56 -> 
  custom:framework-win-MediaFoundation: 216162199b28c13a410421893ffa2e32 -> 
  custom:container-demuxer-ogg: 62fdf1f143b41e24485cea50d1cbac27 -> 
  custom:video-decoder-webm-vp8: 9c59270c3fd7afecdb556c50c9e8de78 -> 
  custom:audio-decoder-ogg-vorbis: bf7c407c2cedff20999df2af8eb42d56 -> 
